2025-10-16 16:22:39,907 [INFO] 📅 今日课程（2025-10-16）：
2025-10-16 16:22:39,908 [INFO] 08:00 ~ 09:35 | 编译原理（三级项目）[01] | 西里西亚楼505多媒体 张世辉 | 备注: 第1 - 2节
西里西亚楼505多媒体
张世辉
2025-10-16 16:22:39,908 [INFO] 10:05 ~ 11:40 | 思想政治理论课实践(访谈者（毛概）)[10] | 西(三)208多媒体 关丽兰 | 备注: 第3 - 4节
西(三)208多媒体
关丽兰
2025-10-16 16:22:39,908 [INFO] 今日共有 2 门课程 ✅

2025-10-16 16:22:39,908 [INFO] 日志已写入文件：D:\Desktop\learn\python\astrbot_plugin_School_Schedule\schedule.log
2025-10-16 16:22:59,612 [INFO] 📅 今日课程（2025-10-16）：
2025-10-16 16:22:59,613 [INFO] 08:00 ~ 09:35 | 编译原理（三级项目）[01] | 西里西亚楼505多媒体 张世辉 | 备注: 第1 - 2节
西里西亚楼505多媒体
张世辉
2025-10-16 16:22:59,617 [INFO] 10:05 ~ 11:40 | 思想政治理论课实践(访谈者（毛概）)[10] | 西(三)208多媒体 关丽兰 | 备注: 第3 - 4节
西(三)208多媒体
关丽兰
2025-10-16 16:22:59,617 [INFO] 今日共有 2 门课程 ✅

2025-10-16 16:22:59,617 [INFO] 📚 本学期课程安排：
2025-10-16 16:22:59,618 [INFO] 2025-09-01 08:00 ~ 09:35 | 习近平新时代中国特色社会主义思想概论[34] | （里）B202多媒体 褚凰羽 | 备注: 第1 - 2节
（里）B202多媒体
褚凰羽
2025-10-16 16:22:59,618 [INFO] 2025-09-01 10:05 ~ 11:40 | 编译原理（三级项目）[01] | 西(三)403多媒体 张世辉 | 备注: 第3 - 4节
西(三)403多媒体
张世辉
2025-10-16 16:22:59,618 [INFO] 2025-09-01 15:35 ~ 17:10 | 汇编语言与接口技术（三级项目）[01] | （里）J206多媒体 谢贝贝 | 备注: 第7 - 8节
（里）J206多媒体
谢贝贝
2025-10-16 16:22:59,618 [INFO] 2025-09-01 18:10 ~ 19:45 | 计算机控制原理（三级项目）[01] | （里）B304多媒体 杨晛 | 备注: 第9 - 10节
（里）B304多媒体
杨晛
2025-10-16 16:22:59,618 [INFO] 2025-09-02 08:00 ~ 09:35 | 计算机组成原理（三级项目）[01] | 西里西亚楼405多媒体 刘永山,邹晓红 | 备注: 第1 - 2节
西里西亚楼405多媒体
刘永山,邹晓红
2025-10-16 16:22:59,618 [INFO] 2025-09-02 10:05 ~ 11:40 | 汇编语言与接口技术（三级项目）[01] | 西里西亚楼405多媒体 谢贝贝 | 备注: 第3 - 4节
西里西亚楼405多媒体
谢贝贝
2025-10-16 16:22:59,619 [INFO] 2025-09-02 15:35 ~ 17:10 | 思想政治理论课实践(访谈者（毛概）)[10] | （里）B302多媒体 关丽兰 | 备注: 第7 - 8节
（里）B302多媒体
关丽兰
2025-10-16 16:22:59,619 [INFO] 2025-09-03 10:05 ~ 11:40 | 编译原理（三级项目）[01] | 西(三)403多媒体 张世辉 | 备注: 第3 - 4节
西(三)403多媒体
张世辉
2025-10-16 16:22:59,619 [INFO] 2025-09-03 15:35 ~ 17:10 | 计算机组成原理（三级项目）[01] | 西(三)104多媒体 刘永山,邹晓红 | 备注: 第7 - 8节
西(三)104多媒体
刘永山,邹晓红
2025-10-16 16:22:59,619 [INFO] 2025-09-03 18:10 ~ 19:45 | 算法设计与分析B[01] | （里）B304多媒体 高畅 | 备注: 第9 - 10节
（里）B304多媒体
高畅
2025-10-16 16:22:59,619 [INFO] 2025-09-04 08:00 ~ 09:35 | 编译原理（三级项目）[01] | 西里西亚楼505多媒体 张世辉 | 备注: 第1 - 2节
西里西亚楼505多媒体
张世辉
2025-10-16 16:22:59,619 [INFO] 2025-09-04 10:05 ~ 11:40 | 汇编语言与接口技术（三级项目）[01] | 西里西亚楼405多媒体 谢贝贝 | 备注: 第3 - 4节
西里西亚楼405多媒体
谢贝贝
2025-10-16 16:22:59,619 [INFO] 2025-09-05 08:00 ~ 09:35 | 计算机组成原理（三级项目）[01] | 西(三)305多媒体 刘永山,邹晓红 | 备注: 第1 - 2节
西(三)305多媒体
刘永山,邹晓红
2025-10-16 16:22:59,619 [INFO] 2025-09-05 10:05 ~ 11:40 | 计算机控制原理（三级项目）[01] | 西（五）B102多媒体 杨晛 | 备注: 第3 - 4节
西（五）B102多媒体
杨晛
2025-10-16 16:22:59,619 [INFO] 2025-09-05 15:35 ~ 17:10 | 体育Ⅴ(篮球)[67] | 里仁体育场 姜涛 | 备注: 第7 - 8节
里仁体育场
姜涛
2025-10-16 16:22:59,619 [INFO] 2025-09-05 18:10 ~ 19:45 | 算法设计与分析B[01] | （里）B304多媒体 高畅 | 备注: 第9 - 10节
（里）B304多媒体
高畅
2025-10-16 16:22:59,620 [INFO] 2025-09-08 08:00 ~ 09:35 | 习近平新时代中国特色社会主义思想概论[34] | （里）B202多媒体 褚凰羽 | 备注: 第1 - 2节
（里）B202多媒体
褚凰羽
2025-10-16 16:22:59,620 [INFO] 2025-09-08 10:05 ~ 11:40 | 编译原理（三级项目）[01] | 西(三)403多媒体 张世辉 | 备注: 第3 - 4节
西(三)403多媒体
张世辉
2025-10-16 16:22:59,620 [INFO] 2025-09-08 15:35 ~ 17:10 | 汇编语言与接口技术（三级项目）[01] | （里）J206多媒体 谢贝贝 | 备注: 第7 - 8节
（里）J206多媒体
谢贝贝
2025-10-16 16:22:59,620 [INFO] 2025-09-08 18:10 ~ 19:45 | 计算机控制原理（三级项目）[01] | （里）B304多媒体 杨晛 | 备注: 第9 - 10节
（里）B304多媒体
杨晛
2025-10-16 16:22:59,620 [INFO] 2025-09-09 08:00 ~ 09:35 | 计算机组成原理（三级项目）[01] | 西里西亚楼405多媒体 刘永山,邹晓红 | 备注: 第1 - 2节
西里西亚楼405多媒体
刘永山,邹晓红
2025-10-16 16:22:59,620 [INFO] 2025-09-09 10:05 ~ 11:40 | 汇编语言与接口技术（三级项目）[01] | 西里西亚楼405多媒体 谢贝贝 | 备注: 第3 - 4节
西里西亚楼405多媒体
谢贝贝
2025-10-16 16:22:59,620 [INFO] 2025-09-10 10:05 ~ 11:40 | 编译原理（三级项目）[01] | 西(三)403多媒体 张世辉 | 备注: 第3 - 4节
西(三)403多媒体
张世辉
2025-10-16 16:22:59,620 [INFO] 2025-09-10 15:35 ~ 17:10 | 计算机组成原理（三级项目）[01] | 西(三)104多媒体 刘永山,邹晓红 | 备注: 第7 - 8节
西(三)104多媒体
刘永山,邹晓红
2025-10-16 16:22:59,620 [INFO] 2025-09-10 18:10 ~ 19:45 | 算法设计与分析B[01] | （里）B304多媒体 高畅 | 备注: 第9 - 10节
（里）B304多媒体
高畅
2025-10-16 16:22:59,621 [INFO] 2025-09-11 08:00 ~ 09:35 | 编译原理（三级项目）[01] | 西里西亚楼505多媒体 张世辉 | 备注: 第1 - 2节
西里西亚楼505多媒体
张世辉
2025-10-16 16:22:59,621 [INFO] 2025-09-11 10:05 ~ 11:40 | 汇编语言与接口技术（三级项目）[01] | 西里西亚楼405多媒体 谢贝贝 | 备注: 第3 - 4节
西里西亚楼405多媒体
谢贝贝
2025-10-16 16:22:59,621 [INFO] 2025-09-12 08:00 ~ 09:35 | 计算机组成原理（三级项目）[01] | 西(三)305多媒体 刘永山,邹晓红 | 备注: 第1 - 2节
西(三)305多媒体
刘永山,邹晓红
2025-10-16 16:22:59,621 [INFO] 2025-09-12 10:05 ~ 11:40 | 计算机控制原理（三级项目）[01] | 西（五）B102多媒体 杨晛 | 备注: 第3 - 4节
西（五）B102多媒体
杨晛
2025-10-16 16:22:59,621 [INFO] 2025-09-12 15:35 ~ 17:10 | 体育Ⅴ(篮球)[67] | 里仁体育场 姜涛 | 备注: 第7 - 8节
里仁体育场
姜涛
2025-10-16 16:22:59,621 [INFO] 2025-09-12 18:10 ~ 19:45 | 算法设计与分析B[01] | （里）B304多媒体 高畅 | 备注: 第9 - 10节
（里）B304多媒体
高畅
2025-10-16 16:22:59,621 [INFO] 2025-09-15 08:00 ~ 09:35 | 习近平新时代中国特色社会主义思想概论[34] | （里）B202多媒体 褚凰羽 | 备注: 第1 - 2节
（里）B202多媒体
褚凰羽
2025-10-16 16:22:59,621 [INFO] 2025-09-15 10:05 ~ 11:40 | 编译原理（三级项目）[01] | 西(三)403多媒体 张世辉 | 备注: 第3 - 4节
西(三)403多媒体
张世辉
2025-10-16 16:22:59,621 [INFO] 2025-09-15 15:35 ~ 17:10 | 汇编语言与接口技术（三级项目）[01] | （里）J206多媒体 谢贝贝 | 备注: 第7 - 8节
（里）J206多媒体
谢贝贝
2025-10-16 16:22:59,622 [INFO] 2025-09-15 18:10 ~ 19:45 | 计算机控制原理（三级项目）[01] | （里）B304多媒体 杨晛 | 备注: 第9 - 10节
（里）B304多媒体
杨晛
2025-10-16 16:22:59,622 [INFO] 2025-09-16 08:00 ~ 09:35 | 计算机组成原理（三级项目）[01] | 西里西亚楼405多媒体 刘永山,邹晓红 | 备注: 第1 - 2节
西里西亚楼405多媒体
刘永山,邹晓红
2025-10-16 16:22:59,622 [INFO] 2025-09-16 10:05 ~ 11:40 | 汇编语言与接口技术（三级项目）[01] | 西里西亚楼405多媒体 谢贝贝 | 备注: 第3 - 4节
西里西亚楼405多媒体
谢贝贝
2025-10-16 16:22:59,622 [INFO] 2025-09-17 10:05 ~ 11:40 | 编译原理（三级项目）[01] | 西(三)403多媒体 张世辉 | 备注: 第3 - 4节
西(三)403多媒体
张世辉
2025-10-16 16:22:59,622 [INFO] 2025-09-17 15:35 ~ 17:10 | 计算机组成原理（三级项目）[01] | 西(三)104多媒体 刘永山,邹晓红 | 备注: 第7 - 8节
西(三)104多媒体
刘永山,邹晓红
2025-10-16 16:22:59,622 [INFO] 2025-09-17 18:10 ~ 19:45 | 算法设计与分析B[01] | （里）B304多媒体 高畅 | 备注: 第9 - 10节
（里）B304多媒体
高畅
2025-10-16 16:22:59,623 [INFO] 2025-09-18 08:00 ~ 09:35 | 编译原理（三级项目）[01] | 西里西亚楼505多媒体 张世辉 | 备注: 第1 - 2节
西里西亚楼505多媒体
张世辉
2025-10-16 16:22:59,623 [INFO] 2025-09-18 10:05 ~ 11:40 | 汇编语言与接口技术（三级项目）[01] | 西里西亚楼405多媒体 谢贝贝 | 备注: 第3 - 4节
西里西亚楼405多媒体
谢贝贝
2025-10-16 16:22:59,623 [INFO] 2025-09-19 08:00 ~ 09:35 | 计算机组成原理（三级项目）[01] | 西(三)305多媒体 刘永山,邹晓红 | 备注: 第1 - 2节
西(三)305多媒体
刘永山,邹晓红
2025-10-16 16:22:59,623 [INFO] 2025-09-19 10:05 ~ 11:40 | 计算机控制原理（三级项目）[01] | 西（五）B102多媒体 杨晛 | 备注: 第3 - 4节
西（五）B102多媒体
杨晛
2025-10-16 16:22:59,623 [INFO] 2025-09-19 15:35 ~ 17:10 | 体育Ⅴ(篮球)[67] | 里仁体育场 姜涛 | 备注: 第7 - 8节
里仁体育场
姜涛
2025-10-16 16:22:59,623 [INFO] 2025-09-19 18:10 ~ 19:45 | 算法设计与分析B[01] | （里）B304多媒体 高畅 | 备注: 第9 - 10节
（里）B304多媒体
高畅
2025-10-16 16:22:59,623 [INFO] 2025-09-22 08:00 ~ 09:35 | 习近平新时代中国特色社会主义思想概论[34] | （里）B202多媒体 褚凰羽 | 备注: 第1 - 2节
（里）B202多媒体
褚凰羽
2025-10-16 16:22:59,623 [INFO] 2025-09-22 10:05 ~ 11:40 | 编译原理（三级项目）[01] | 西(三)403多媒体 张世辉 | 备注: 第3 - 4节
西(三)403多媒体
张世辉
2025-10-16 16:22:59,624 [INFO] 2025-09-22 15:35 ~ 17:10 | 汇编语言与接口技术（三级项目）[01] | （里）J206多媒体 谢贝贝 | 备注: 第7 - 8节
（里）J206多媒体
谢贝贝
2025-10-16 16:22:59,624 [INFO] 2025-09-22 18:10 ~ 19:45 | 计算机控制原理（三级项目）[01] | （里）B304多媒体 杨晛 | 备注: 第9 - 10节
（里）B304多媒体
杨晛
2025-10-16 16:22:59,624 [INFO] 2025-09-23 08:00 ~ 09:35 | 计算机组成原理（三级项目）[01] | 西里西亚楼405多媒体 刘永山,邹晓红 | 备注: 第1 - 2节
西里西亚楼405多媒体
刘永山,邹晓红
2025-10-16 16:22:59,624 [INFO] 2025-09-23 10:05 ~ 11:40 | 汇编语言与接口技术（三级项目）[01] | 西里西亚楼405多媒体 谢贝贝 | 备注: 第3 - 4节
西里西亚楼405多媒体
谢贝贝
2025-10-16 16:22:59,624 [INFO] 2025-09-24 10:05 ~ 11:40 | 编译原理（三级项目）[01] | 西(三)403多媒体 张世辉 | 备注: 第3 - 4节
西(三)403多媒体
张世辉
2025-10-16 16:22:59,624 [INFO] 2025-09-24 15:35 ~ 17:10 | 计算机组成原理（三级项目）[01] | 西(三)104多媒体 刘永山,邹晓红 | 备注: 第7 - 8节
西(三)104多媒体
刘永山,邹晓红
2025-10-16 16:22:59,624 [INFO] 2025-09-24 18:10 ~ 19:45 | 算法设计与分析B[01] | （里）B304多媒体 高畅 | 备注: 第9 - 10节
（里）B304多媒体
高畅
2025-10-16 16:22:59,625 [INFO] 2025-09-25 08:00 ~ 09:35 | 编译原理（三级项目）[01] | 西里西亚楼505多媒体 张世辉 | 备注: 第1 - 2节
西里西亚楼505多媒体
张世辉
2025-10-16 16:22:59,625 [INFO] 2025-09-25 10:05 ~ 11:40 | 汇编语言与接口技术（三级项目）[01] | 西里西亚楼405多媒体 谢贝贝 | 备注: 第3 - 4节
西里西亚楼405多媒体
谢贝贝
2025-10-16 16:22:59,625 [INFO] 2025-09-26 08:00 ~ 09:35 | 计算机组成原理（三级项目）[01] | 西(三)305多媒体 刘永山,邹晓红 | 备注: 第1 - 2节
西(三)305多媒体
刘永山,邹晓红
2025-10-16 16:22:59,625 [INFO] 2025-09-26 10:05 ~ 11:40 | 计算机控制原理（三级项目）[01] | 西（五）B102多媒体 杨晛 | 备注: 第3 - 4节
西（五）B102多媒体
杨晛
2025-10-16 16:22:59,625 [INFO] 2025-09-26 15:35 ~ 17:10 | 体育Ⅴ(篮球)[67] | 里仁体育场 姜涛 | 备注: 第7 - 8节
里仁体育场
姜涛
2025-10-16 16:22:59,625 [INFO] 2025-09-26 18:10 ~ 19:45 | 算法设计与分析B[01] | （里）B304多媒体 高畅 | 备注: 第9 - 10节
（里）B304多媒体
高畅
2025-10-16 16:22:59,625 [INFO] 2025-09-29 08:00 ~ 09:35 | 习近平新时代中国特色社会主义思想概论[34] | （里）B202多媒体 褚凰羽 | 备注: 第1 - 2节
（里）B202多媒体
褚凰羽
2025-10-16 16:22:59,625 [INFO] 2025-09-29 10:05 ~ 11:40 | 编译原理（三级项目）[01] | 西(三)403多媒体 张世辉 | 备注: 第3 - 4节
西(三)403多媒体
张世辉
2025-10-16 16:22:59,626 [INFO] 2025-09-29 15:35 ~ 17:10 | 汇编语言与接口技术（三级项目）[01] | （里）J206多媒体 谢贝贝 | 备注: 第7 - 8节
（里）J206多媒体
谢贝贝
2025-10-16 16:22:59,626 [INFO] 2025-09-29 18:10 ~ 19:45 | 计算机控制原理（三级项目）[01] | （里）B304多媒体 杨晛 | 备注: 第9 - 10节
（里）B304多媒体
杨晛
2025-10-16 16:22:59,626 [INFO] 2025-09-30 08:00 ~ 09:35 | 计算机组成原理（三级项目）[01] | 西里西亚楼405多媒体 刘永山,邹晓红 | 备注: 第1 - 2节
西里西亚楼405多媒体
刘永山,邹晓红
2025-10-16 16:22:59,626 [INFO] 2025-09-30 10:05 ~ 11:40 | 汇编语言与接口技术（三级项目）[01] | 西里西亚楼405多媒体 谢贝贝 | 备注: 第3 - 4节
西里西亚楼405多媒体
谢贝贝
2025-10-16 16:22:59,626 [INFO] 2025-10-01 10:05 ~ 11:40 | 编译原理（三级项目）[01] | 西(三)403多媒体 张世辉 | 备注: 第3 - 4节
西(三)403多媒体
张世辉
2025-10-16 16:22:59,626 [INFO] 2025-10-01 15:35 ~ 17:10 | 计算机组成原理（三级项目）[01] | 西(三)104多媒体 刘永山,邹晓红 | 备注: 第7 - 8节
西(三)104多媒体
刘永山,邹晓红
2025-10-16 16:22:59,626 [INFO] 2025-10-01 18:10 ~ 19:45 | 算法设计与分析B[01] | （里）B304多媒体 高畅 | 备注: 第9 - 10节
（里）B304多媒体
高畅
2025-10-16 16:22:59,626 [INFO] 2025-10-02 08:00 ~ 09:35 | 编译原理（三级项目）[01] | 西里西亚楼505多媒体 张世辉 | 备注: 第1 - 2节
西里西亚楼505多媒体
张世辉
2025-10-16 16:22:59,626 [INFO] 2025-10-02 10:05 ~ 11:40 | 汇编语言与接口技术（三级项目）[01] | 西里西亚楼405多媒体 谢贝贝 | 备注: 第3 - 4节
西里西亚楼405多媒体
谢贝贝
2025-10-16 16:22:59,627 [INFO] 2025-10-03 08:00 ~ 09:35 | 计算机组成原理（三级项目）[01] | 西(三)305多媒体 刘永山,邹晓红 | 备注: 第1 - 2节
西(三)305多媒体
刘永山,邹晓红
2025-10-16 16:22:59,627 [INFO] 2025-10-03 10:05 ~ 11:40 | 计算机控制原理（三级项目）[01] | 西（五）B102多媒体 杨晛 | 备注: 第3 - 4节
西（五）B102多媒体
杨晛
2025-10-16 16:22:59,627 [INFO] 2025-10-03 15:35 ~ 17:10 | 体育Ⅴ(篮球)[67] | 里仁体育场 姜涛 | 备注: 第7 - 8节
里仁体育场
姜涛
2025-10-16 16:22:59,627 [INFO] 2025-10-03 18:10 ~ 19:45 | 算法设计与分析B[01] | （里）B304多媒体 高畅 | 备注: 第9 - 10节
（里）B304多媒体
高畅
2025-10-16 16:22:59,627 [INFO] 2025-10-06 08:00 ~ 09:35 | 习近平新时代中国特色社会主义思想概论[34] | （里）B202多媒体 褚凰羽 | 备注: 第1 - 2节
（里）B202多媒体
褚凰羽
2025-10-16 16:22:59,627 [INFO] 2025-10-06 10:05 ~ 11:40 | 编译原理（三级项目）[01] | 西(三)403多媒体 张世辉 | 备注: 第3 - 4节
西(三)403多媒体
张世辉
2025-10-16 16:22:59,627 [INFO] 2025-10-06 15:35 ~ 17:10 | 汇编语言与接口技术（三级项目）[01] | （里）J206多媒体 谢贝贝 | 备注: 第7 - 8节
（里）J206多媒体
谢贝贝
2025-10-16 16:22:59,627 [INFO] 2025-10-06 18:10 ~ 19:45 | 计算机控制原理（三级项目）[01] | （里）B304多媒体 杨晛 | 备注: 第9 - 10节
（里）B304多媒体
杨晛
2025-10-16 16:22:59,628 [INFO] 2025-10-07 08:00 ~ 09:35 | 计算机组成原理（三级项目）[01] | 西里西亚楼405多媒体 刘永山,邹晓红 | 备注: 第1 - 2节
西里西亚楼405多媒体
刘永山,邹晓红
2025-10-16 16:22:59,628 [INFO] 2025-10-07 10:05 ~ 11:40 | 汇编语言与接口技术（三级项目）[01] | 西里西亚楼405多媒体 谢贝贝 | 备注: 第3 - 4节
西里西亚楼405多媒体
谢贝贝
2025-10-16 16:22:59,628 [INFO] 2025-10-08 10:05 ~ 11:40 | 编译原理（三级项目）[01] | 西(三)403多媒体 张世辉 | 备注: 第3 - 4节
西(三)403多媒体
张世辉
2025-10-16 16:22:59,628 [INFO] 2025-10-08 15:35 ~ 17:10 | 计算机组成原理（三级项目）[01] | 西(三)104多媒体 刘永山,邹晓红 | 备注: 第7 - 8节
西(三)104多媒体
刘永山,邹晓红
2025-10-16 16:22:59,628 [INFO] 2025-10-08 18:10 ~ 19:45 | 算法设计与分析B[01] | （里）B304多媒体 高畅 | 备注: 第9 - 10节
（里）B304多媒体
高畅
2025-10-16 16:22:59,628 [INFO] 2025-10-09 08:00 ~ 09:35 | 编译原理（三级项目）[01] | 西里西亚楼505多媒体 张世辉 | 备注: 第1 - 2节
西里西亚楼505多媒体
张世辉
2025-10-16 16:22:59,629 [INFO] 2025-10-09 10:05 ~ 11:40 | 汇编语言与接口技术（三级项目）[01] | 西里西亚楼405多媒体 谢贝贝 | 备注: 第3 - 4节
西里西亚楼405多媒体
谢贝贝
2025-10-16 16:22:59,629 [INFO] 2025-10-10 08:00 ~ 09:35 | 计算机组成原理（三级项目）[01] | 西(三)305多媒体 刘永山,邹晓红 | 备注: 第1 - 2节
西(三)305多媒体
刘永山,邹晓红
2025-10-16 16:22:59,629 [INFO] 2025-10-10 10:05 ~ 11:40 | 计算机控制原理（三级项目）[01] | 西（五）B102多媒体 杨晛 | 备注: 第3 - 4节
西（五）B102多媒体
杨晛
2025-10-16 16:22:59,629 [INFO] 2025-10-10 15:35 ~ 17:10 | 体育Ⅴ(篮球)[67] | 里仁体育场 姜涛 | 备注: 第7 - 8节
里仁体育场
姜涛
2025-10-16 16:22:59,629 [INFO] 2025-10-10 18:10 ~ 19:45 | 算法设计与分析B[01] | （里）B304多媒体 高畅 | 备注: 第9 - 10节
（里）B304多媒体
高畅
2025-10-16 16:22:59,629 [INFO] 2025-10-13 08:00 ~ 09:35 | 习近平新时代中国特色社会主义思想概论[34] | （里）B202多媒体 褚凰羽 | 备注: 第1 - 2节
（里）B202多媒体
褚凰羽
2025-10-16 16:22:59,629 [INFO] 2025-10-13 10:05 ~ 11:40 | 编译原理（三级项目）[01] | 西(三)403多媒体 张世辉 | 备注: 第3 - 4节
西(三)403多媒体
张世辉
2025-10-16 16:22:59,629 [INFO] 2025-10-13 15:35 ~ 17:10 | 汇编语言与接口技术（三级项目）[01] | （里）J206多媒体 谢贝贝 | 备注: 第7 - 8节
（里）J206多媒体
谢贝贝
2025-10-16 16:22:59,629 [INFO] 2025-10-13 18:10 ~ 19:45 | 计算机控制原理（三级项目）[01] | （里）B304多媒体 杨晛 | 备注: 第9 - 10节
（里）B304多媒体
杨晛
2025-10-16 16:22:59,630 [INFO] 2025-10-14 08:00 ~ 09:35 | 计算机组成原理（三级项目）[01] | 西里西亚楼405多媒体 刘永山,邹晓红 | 备注: 第1 - 2节
西里西亚楼405多媒体
刘永山,邹晓红
2025-10-16 16:22:59,630 [INFO] 2025-10-14 10:05 ~ 11:40 | 算法设计与分析B[01] | 西里西亚楼405多媒体 高畅 | 备注: 第3 - 4节
西里西亚楼405多媒体
高畅
2025-10-16 16:22:59,630 [INFO] 2025-10-14 15:35 ~ 17:10 | 思想政治理论课实践(访谈者（毛概）)[10] | 西(三)108多媒体 关丽兰 | 备注: 第7 - 8节
西(三)108多媒体
关丽兰
2025-10-16 16:22:59,630 [INFO] 2025-10-15 08:00 ~ 09:35 | 思想政治理论课实践(访谈者（毛概）)[10] | 西(三)208多媒体 关丽兰 | 备注: 第1 - 2节
西(三)208多媒体
关丽兰
2025-10-16 16:22:59,630 [INFO] 2025-10-15 10:05 ~ 11:40 | 编译原理（三级项目）[01] | 西(三)403多媒体 张世辉 | 备注: 第3 - 4节
西(三)403多媒体
张世辉
2025-10-16 16:22:59,630 [INFO] 2025-10-15 15:35 ~ 17:10 | 计算机组成原理（三级项目）[01] | 西(三)104多媒体 刘永山,邹晓红 | 备注: 第7 - 8节
西(三)104多媒体
刘永山,邹晓红
2025-10-16 16:22:59,630 [INFO] 2025-10-15 18:10 ~ 19:45 | 汇编语言与接口技术（三级项目）[01] | （里）B304多媒体 谢贝贝 | 备注: 第9 - 10节
（里）B304多媒体
谢贝贝
2025-10-16 16:22:59,630 [INFO] 2025-10-16 08:00 ~ 09:35 | 编译原理（三级项目）[01] | 西里西亚楼505多媒体 张世辉 | 备注: 第1 - 2节
西里西亚楼505多媒体
张世辉
2025-10-16 16:22:59,630 [INFO] 2025-10-16 10:05 ~ 11:40 | 思想政治理论课实践(访谈者（毛概）)[10] | 西(三)208多媒体 关丽兰 | 备注: 第3 - 4节
西(三)208多媒体
关丽兰
2025-10-16 16:22:59,631 [INFO] 2025-10-17 08:00 ~ 09:35 | 计算机组成原理（三级项目）[01] | 西(三)305多媒体 刘永山,邹晓红 | 备注: 第1 - 2节
西(三)305多媒体
刘永山,邹晓红
2025-10-16 16:22:59,631 [INFO] 2025-10-17 10:05 ~ 11:40 | 计算机控制原理（三级项目）[01] | 西（五）B102多媒体 杨晛 | 备注: 第3 - 4节
西（五）B102多媒体
杨晛
2025-10-16 16:22:59,631 [INFO] 2025-10-17 13:30 ~ 15:05 | 算法设计与分析B[01] | 西(三)401多媒体 高畅 | 备注: 第5 - 6节
西(三)401多媒体
高畅
2025-10-16 16:22:59,631 [INFO] 2025-10-17 15:35 ~ 17:10 | 体育Ⅴ(篮球)[67] | 里仁体育场 姜涛 | 备注: 第7 - 8节
里仁体育场
姜涛
2025-10-16 16:22:59,631 [INFO] 2025-10-17 18:10 ~ 19:45 | 汇编语言与接口技术（三级项目）[01] | （里）B304多媒体 谢贝贝 | 备注: 第9 - 10节
（里）B304多媒体
谢贝贝
2025-10-16 16:22:59,631 [INFO] 2025-10-20 08:00 ~ 09:35 | 习近平新时代中国特色社会主义思想概论[34] | （里）B202多媒体 褚凰羽 | 备注: 第1 - 2节
（里）B202多媒体
褚凰羽
2025-10-16 16:22:59,631 [INFO] 2025-10-20 10:05 ~ 11:40 | 编译原理（三级项目）[01] | 西(三)403多媒体 张世辉 | 备注: 第3 - 4节
西(三)403多媒体
张世辉
2025-10-16 16:22:59,631 [INFO] 2025-10-20 15:35 ~ 17:10 | 汇编语言与接口技术（三级项目）[01] | （里）J206多媒体 谢贝贝 | 备注: 第7 - 8节
（里）J206多媒体
谢贝贝
2025-10-16 16:22:59,631 [INFO] 2025-10-20 18:10 ~ 19:45 | 计算机控制原理（三级项目）[01] | （里）B304多媒体 杨晛 | 备注: 第9 - 10节
（里）B304多媒体
杨晛
2025-10-16 16:22:59,631 [INFO] 2025-10-21 08:00 ~ 09:35 | 计算机组成原理（三级项目）[01] | 西里西亚楼405多媒体 刘永山,邹晓红 | 备注: 第1 - 2节
西里西亚楼405多媒体
刘永山,邹晓红
2025-10-16 16:22:59,632 [INFO] 2025-10-21 10:05 ~ 11:40 | 算法设计与分析B[01] | 西里西亚楼405多媒体 高畅 | 备注: 第3 - 4节
西里西亚楼405多媒体
高畅
2025-10-16 16:22:59,632 [INFO] 2025-10-21 15:35 ~ 17:10 | 思想政治理论课实践(访谈者（毛概）)[10] | 西(三)108多媒体 关丽兰 | 备注: 第7 - 8节
西(三)108多媒体
关丽兰
2025-10-16 16:22:59,632 [INFO] 2025-10-22 08:00 ~ 09:35 | 思想政治理论课实践(访谈者（毛概）)[10] | 西(三)208多媒体 关丽兰 | 备注: 第1 - 2节
西(三)208多媒体
关丽兰
2025-10-16 16:22:59,632 [INFO] 2025-10-22 10:05 ~ 11:40 | 编译原理（三级项目）[01] | 西(三)403多媒体 张世辉 | 备注: 第3 - 4节
西(三)403多媒体
张世辉
2025-10-16 16:22:59,632 [INFO] 2025-10-22 15:35 ~ 17:10 | 计算机组成原理（三级项目）[01] | 西(三)104多媒体 刘永山,邹晓红 | 备注: 第7 - 8节
西(三)104多媒体
刘永山,邹晓红
2025-10-16 16:22:59,632 [INFO] 2025-10-22 18:10 ~ 19:45 | 汇编语言与接口技术（三级项目）[01] | （里）B304多媒体 谢贝贝 | 备注: 第9 - 10节
（里）B304多媒体
谢贝贝
2025-10-16 16:22:59,632 [INFO] 2025-10-23 08:00 ~ 09:35 | 编译原理（三级项目）[01] | 西里西亚楼505多媒体 张世辉 | 备注: 第1 - 2节
西里西亚楼505多媒体
张世辉
2025-10-16 16:22:59,632 [INFO] 2025-10-23 10:05 ~ 11:40 | 思想政治理论课实践(访谈者（毛概）)[10] | 西(三)208多媒体 关丽兰 | 备注: 第3 - 4节
西(三)208多媒体
关丽兰
2025-10-16 16:22:59,633 [INFO] 2025-10-24 08:00 ~ 09:35 | 计算机组成原理（三级项目）[01] | 西(三)305多媒体 刘永山,邹晓红 | 备注: 第1 - 2节
西(三)305多媒体
刘永山,邹晓红
2025-10-16 16:22:59,633 [INFO] 2025-10-24 10:05 ~ 11:40 | 计算机控制原理（三级项目）[01] | 西（五）B102多媒体 杨晛 | 备注: 第3 - 4节
西（五）B102多媒体
杨晛
2025-10-16 16:22:59,633 [INFO] 2025-10-24 13:30 ~ 15:05 | 算法设计与分析B[01] | 西(三)401多媒体 高畅 | 备注: 第5 - 6节
西(三)401多媒体
高畅
2025-10-16 16:22:59,633 [INFO] 2025-10-24 15:35 ~ 17:10 | 体育Ⅴ(篮球)[67] | 里仁体育场 姜涛 | 备注: 第7 - 8节
里仁体育场
姜涛
2025-10-16 16:22:59,633 [INFO] 2025-10-24 18:10 ~ 19:45 | 汇编语言与接口技术（三级项目）[01] | （里）B304多媒体 谢贝贝 | 备注: 第9 - 10节
（里）B304多媒体
谢贝贝
2025-10-16 16:22:59,633 [INFO] 2025-10-27 08:00 ~ 09:35 | 习近平新时代中国特色社会主义思想概论[34] | （里）B202多媒体 褚凰羽 | 备注: 第1 - 2节
（里）B202多媒体
褚凰羽
2025-10-16 16:22:59,633 [INFO] 2025-10-27 10:05 ~ 11:40 | 编译原理（三级项目）[01] | 西(三)403多媒体 张世辉 | 备注: 第3 - 4节
西(三)403多媒体
张世辉
2025-10-16 16:22:59,633 [INFO] 2025-10-27 15:35 ~ 17:10 | 汇编语言与接口技术（三级项目）[01] | （里）J206多媒体 谢贝贝 | 备注: 第7 - 8节
（里）J206多媒体
谢贝贝
2025-10-16 16:22:59,633 [INFO] 2025-10-28 08:00 ~ 09:35 | 计算机组成原理（三级项目）[01] | 西里西亚楼405多媒体 刘永山,邹晓红 | 备注: 第1 - 2节
西里西亚楼405多媒体
刘永山,邹晓红
2025-10-16 16:22:59,634 [INFO] 2025-10-28 15:35 ~ 17:10 | 思想政治理论课实践(访谈者（毛概）)[10] | 西(三)108多媒体 关丽兰 | 备注: 第7 - 8节
西(三)108多媒体
关丽兰
2025-10-16 16:22:59,634 [INFO] 2025-10-29 08:00 ~ 09:35 | 思想政治理论课实践(访谈者（毛概）)[10] | 西(三)208多媒体 关丽兰 | 备注: 第1 - 2节
西(三)208多媒体
关丽兰
2025-10-16 16:22:59,634 [INFO] 2025-10-29 10:05 ~ 11:40 | 编译原理（三级项目）[01] | 西(三)403多媒体 张世辉 | 备注: 第3 - 4节
西(三)403多媒体
张世辉
2025-10-16 16:22:59,634 [INFO] 2025-10-29 15:35 ~ 17:10 | 计算机组成原理（三级项目）[01] | 西(三)104多媒体 刘永山,邹晓红 | 备注: 第7 - 8节
西(三)104多媒体
刘永山,邹晓红
2025-10-16 16:22:59,634 [INFO] 2025-10-29 18:10 ~ 19:45 | 汇编语言与接口技术（三级项目）[01] | （里）B304多媒体 谢贝贝 | 备注: 第9 - 10节
（里）B304多媒体
谢贝贝
2025-10-16 16:22:59,634 [INFO] 2025-10-30 08:00 ~ 09:35 | 编译原理（三级项目）[01] | 西里西亚楼505多媒体 张世辉 | 备注: 第1 - 2节
西里西亚楼505多媒体
张世辉
2025-10-16 16:22:59,634 [INFO] 2025-10-30 10:05 ~ 11:40 | 思想政治理论课实践(访谈者（毛概）)[10] | 西(三)208多媒体 关丽兰 | 备注: 第3 - 4节
西(三)208多媒体
关丽兰
2025-10-16 16:22:59,634 [INFO] 2025-10-31 08:00 ~ 09:35 | 计算机组成原理（三级项目）[01] | 西(三)305多媒体 刘永山,邹晓红 | 备注: 第1 - 2节
西(三)305多媒体
刘永山,邹晓红
2025-10-16 16:22:59,635 [INFO] 2025-10-31 15:35 ~ 17:10 | 体育Ⅴ(篮球)[67] | 里仁体育场 姜涛 | 备注: 第7 - 8节
里仁体育场
姜涛
2025-10-16 16:22:59,635 [INFO] 2025-10-31 18:10 ~ 19:45 | 汇编语言与接口技术（三级项目）[01] | （里）B304多媒体 谢贝贝 | 备注: 第9 - 10节
（里）B304多媒体
谢贝贝
2025-10-16 16:22:59,635 [INFO] 2025-11-03 08:00 ~ 09:35 | 习近平新时代中国特色社会主义思想概论[34] | （里）B202多媒体 褚凰羽 | 备注: 第1 - 2节
（里）B202多媒体
褚凰羽
2025-10-16 16:22:59,635 [INFO] 2025-11-03 15:35 ~ 17:10 | 汇编语言与接口技术（三级项目）[01] | （里）J206多媒体 谢贝贝 | 备注: 第7 - 8节
（里）J206多媒体
谢贝贝
2025-10-16 16:22:59,635 [INFO] 2025-11-03 18:10 ~ 19:45 | 形势与政策Ⅴ[20] | 西（五）B102多媒体 方立华 | 备注: 第9 - 10节
西（五）B102多媒体
方立华
2025-10-16 16:22:59,635 [INFO] 2025-11-04 08:00 ~ 09:35 | 计算机组成原理（三级项目）[01] | 西里西亚楼405多媒体 刘永山,邹晓红 | 备注: 第1 - 2节
西里西亚楼405多媒体
刘永山,邹晓红
2025-10-16 16:22:59,635 [INFO] 2025-11-04 15:35 ~ 17:10 | 习近平新时代中国特色社会主义思想概论[34] | （里）D104多媒体 褚凰羽 | 备注: 第7 - 8节
（里）D104多媒体
褚凰羽
2025-10-16 16:22:59,635 [INFO] 2025-11-05 08:00 ~ 09:35 | 形势与政策Ⅴ[20] | 西（五）B102多媒体 方立华 | 备注: 第1 - 2节
西（五）B102多媒体
方立华
2025-10-16 16:22:59,635 [INFO] 2025-11-05 15:35 ~ 17:10 | 计算机组成原理（三级项目）[01] | 西(三)104多媒体 刘永山,邹晓红 | 备注: 第7 - 8节
西(三)104多媒体
刘永山,邹晓红
2025-10-16 16:22:59,635 [INFO] 2025-11-05 18:10 ~ 19:45 | 汇编语言与接口技术（三级项目）[01] | （里）B304多媒体 谢贝贝 | 备注: 第9 - 10节
（里）B304多媒体
谢贝贝
2025-10-16 16:22:59,635 [INFO] 2025-11-07 08:00 ~ 09:35 | 计算机组成原理（三级项目）[01] | 西(三)305多媒体 刘永山,邹晓红 | 备注: 第1 - 2节
西(三)305多媒体
刘永山,邹晓红
2025-10-16 16:22:59,636 [INFO] 2025-11-07 15:35 ~ 17:10 | 体育Ⅴ(篮球)[67] | 里仁体育场 姜涛 | 备注: 第7 - 8节
里仁体育场
姜涛
2025-10-16 16:22:59,636 [INFO] 2025-11-07 18:10 ~ 19:45 | 汇编语言与接口技术（三级项目）[01] | （里）B304多媒体 谢贝贝 | 备注: 第9 - 10节
（里）B304多媒体
谢贝贝
2025-10-16 16:22:59,636 [INFO] 2025-11-10 08:00 ~ 09:35 | 习近平新时代中国特色社会主义思想概论[34] | （里）B202多媒体 褚凰羽 | 备注: 第1 - 2节
（里）B202多媒体
褚凰羽
2025-10-16 16:22:59,636 [INFO] 2025-11-10 15:35 ~ 17:10 | 汇编语言与接口技术（三级项目）[01] | （里）J206多媒体 谢贝贝 | 备注: 第7 - 8节
（里）J206多媒体
谢贝贝
2025-10-16 16:22:59,636 [INFO] 2025-11-10 18:10 ~ 19:45 | 形势与政策Ⅴ[20] | 西（五）B102多媒体 方立华 | 备注: 第9 - 10节
西（五）B102多媒体
方立华
2025-10-16 16:22:59,636 [INFO] 2025-11-11 08:00 ~ 09:35 | 计算机组成原理（三级项目）[01] | 西里西亚楼405多媒体 刘永山,邹晓红 | 备注: 第1 - 2节
西里西亚楼405多媒体
刘永山,邹晓红
2025-10-16 16:22:59,636 [INFO] 2025-11-11 15:35 ~ 17:10 | 习近平新时代中国特色社会主义思想概论[34] | （里）D104多媒体 褚凰羽 | 备注: 第7 - 8节
（里）D104多媒体
褚凰羽
2025-10-16 16:22:59,636 [INFO] 2025-11-12 08:00 ~ 09:35 | 形势与政策Ⅴ[20] | 西（五）B102多媒体 方立华 | 备注: 第1 - 2节
西（五）B102多媒体
方立华
2025-10-16 16:22:59,637 [INFO] 2025-11-12 15:35 ~ 17:10 | 计算机组成原理（三级项目）[01] | 西(三)104多媒体 刘永山,邹晓红 | 备注: 第7 - 8节
西(三)104多媒体
刘永山,邹晓红
2025-10-16 16:22:59,637 [INFO] 2025-11-12 18:10 ~ 19:45 | 汇编语言与接口技术（三级项目）[01] | （里）B304多媒体 谢贝贝 | 备注: 第9 - 10节
（里）B304多媒体
谢贝贝
2025-10-16 16:22:59,637 [INFO] 2025-11-14 08:00 ~ 09:35 | 计算机组成原理（三级项目）[01] | 西(三)305多媒体 刘永山,邹晓红 | 备注: 第1 - 2节
西(三)305多媒体
刘永山,邹晓红
2025-10-16 16:22:59,637 [INFO] 2025-11-14 15:35 ~ 17:10 | 体育Ⅴ(篮球)[67] | 里仁体育场 姜涛 | 备注: 第7 - 8节
里仁体育场
姜涛
2025-10-16 16:22:59,637 [INFO] 2025-11-17 08:00 ~ 09:35 | 习近平新时代中国特色社会主义思想概论[34] | （里）B202多媒体 褚凰羽 | 备注: 第1 - 2节
（里）B202多媒体
褚凰羽
2025-10-16 16:22:59,637 [INFO] 2025-11-17 15:35 ~ 17:10 | 汇编语言与接口技术（三级项目）[01] | （里）J206多媒体 谢贝贝 | 备注: 第7 - 8节
（里）J206多媒体
谢贝贝
2025-10-16 16:22:59,637 [INFO] 2025-11-17 18:10 ~ 19:45 | 职业生涯规划与就业指导Ⅲ[21] | 西（五）B102多媒体 胡冰煜 | 备注: 第9 - 10节
西（五）B102多媒体
胡冰煜
2025-10-16 16:22:59,637 [INFO] 2025-11-18 08:00 ~ 09:35 | 计算机组成原理（三级项目）[01] | 西里西亚楼405多媒体 刘永山,邹晓红 | 备注: 第1 - 2节
西里西亚楼405多媒体
刘永山,邹晓红
2025-10-16 16:22:59,637 [INFO] 2025-11-18 15:35 ~ 17:10 | 习近平新时代中国特色社会主义思想概论[34] | （里）D104多媒体 褚凰羽 | 备注: 第7 - 8节
（里）D104多媒体
褚凰羽
2025-10-16 16:22:59,638 [INFO] 2025-11-19 08:00 ~ 09:35 | 职业生涯规划与就业指导Ⅲ[21] | 西（五）B102多媒体 胡冰煜 | 备注: 第1 - 2节
西（五）B102多媒体
胡冰煜
2025-10-16 16:22:59,638 [INFO] 2025-11-19 15:35 ~ 17:10 | 计算机组成原理（三级项目）[01] | 西(三)104多媒体 刘永山,邹晓红 | 备注: 第7 - 8节
西(三)104多媒体
刘永山,邹晓红
2025-10-16 16:22:59,638 [INFO] 2025-11-19 18:10 ~ 19:45 | 汇编语言与接口技术（三级项目）[01] | （里）B304多媒体 谢贝贝 | 备注: 第9 - 10节
（里）B304多媒体
谢贝贝
2025-10-16 16:22:59,638 [INFO] 2025-11-21 08:00 ~ 09:35 | 计算机组成原理（三级项目）[01] | 西(三)305多媒体 刘永山,邹晓红 | 备注: 第1 - 2节
西(三)305多媒体
刘永山,邹晓红
2025-10-16 16:22:59,639 [INFO] 2025-11-21 15:35 ~ 17:10 | 体育Ⅴ(篮球)[67] | 里仁体育场 姜涛 | 备注: 第7 - 8节
里仁体育场
姜涛
2025-10-16 16:22:59,639 [INFO] 2025-11-24 08:00 ~ 09:35 | 习近平新时代中国特色社会主义思想概论[34] | （里）B202多媒体 褚凰羽 | 备注: 第1 - 2节
（里）B202多媒体
褚凰羽
2025-10-16 16:22:59,639 [INFO] 2025-11-24 18:10 ~ 19:45 | 职业生涯规划与就业指导Ⅲ[21] | 西（五）B102多媒体 胡冰煜 | 备注: 第9 - 10节
西（五）B102多媒体
胡冰煜
2025-10-16 16:22:59,639 [INFO] 2025-11-25 08:00 ~ 09:35 | 计算机组成原理（三级项目）[01] | 西里西亚楼405多媒体 刘永山,邹晓红 | 备注: 第1 - 2节
西里西亚楼405多媒体
刘永山,邹晓红
2025-10-16 16:22:59,639 [INFO] 2025-11-25 15:35 ~ 17:10 | 习近平新时代中国特色社会主义思想概论[34] | （里）D104多媒体 褚凰羽 | 备注: 第7 - 8节
（里）D104多媒体
褚凰羽
2025-10-16 16:22:59,639 [INFO] 2025-11-26 08:00 ~ 09:35 | 职业生涯规划与就业指导Ⅲ[21] | 西（五）B102多媒体 胡冰煜 | 备注: 第1 - 2节
西（五）B102多媒体
胡冰煜
2025-10-16 16:22:59,639 [INFO] 2025-11-26 15:35 ~ 17:10 | 计算机组成原理（三级项目）[01] | 西(三)104多媒体 刘永山,邹晓红 | 备注: 第7 - 8节
西(三)104多媒体
刘永山,邹晓红
2025-10-16 16:22:59,639 [INFO] 2025-11-28 08:00 ~ 09:35 | 计算机组成原理（三级项目）[01] | 西(三)305多媒体 刘永山,邹晓红 | 备注: 第1 - 2节
西(三)305多媒体
刘永山,邹晓红
2025-10-16 16:22:59,639 [INFO] 2025-11-28 15:35 ~ 17:10 | 体育Ⅴ(篮球)[67] | 里仁体育场 姜涛 | 备注: 第7 - 8节
里仁体育场
姜涛
2025-10-16 16:22:59,640 [INFO] 2025-12-01 08:00 ~ 09:35 | 习近平新时代中国特色社会主义思想概论[34] | （里）B202多媒体 褚凰羽 | 备注: 第1 - 2节
（里）B202多媒体
褚凰羽
2025-10-16 16:22:59,640 [INFO] 2025-12-01 18:10 ~ 19:45 | 职业生涯规划与就业指导Ⅲ[21] | 西（五）B102多媒体 胡冰煜 | 备注: 第9 - 10节
西（五）B102多媒体
胡冰煜
2025-10-16 16:22:59,640 [INFO] 2025-12-02 15:35 ~ 17:10 | 习近平新时代中国特色社会主义思想概论[34] | （里）D104多媒体 褚凰羽 | 备注: 第7 - 8节
（里）D104多媒体
褚凰羽
2025-10-16 16:22:59,640 [INFO] 2025-12-03 08:00 ~ 09:35 | 职业生涯规划与就业指导Ⅲ[21] | 西（五）B102多媒体 胡冰煜 | 备注: 第1 - 2节
西（五）B102多媒体
胡冰煜
2025-10-16 16:22:59,640 [INFO] 2025-12-05 15:35 ~ 17:10 | 体育Ⅴ(篮球)[67] | 里仁体育场 姜涛 | 备注: 第7 - 8节
里仁体育场
姜涛
2025-10-16 16:22:59,640 [INFO] 2025-12-08 08:00 ~ 09:35 | 习近平新时代中国特色社会主义思想概论[34] | （里）B202多媒体 褚凰羽 | 备注: 第1 - 2节
（里）B202多媒体
褚凰羽
2025-10-16 16:22:59,640 [INFO] 2025-12-08 15:35 ~ 17:10 | 劳动教育Ⅲ[21] | 西（五）B102多媒体 胡冰煜 | 备注: 第7 - 8节
西（五）B102多媒体
胡冰煜
2025-10-16 16:22:59,640 [INFO] 2025-12-09 15:35 ~ 17:10 | 习近平新时代中国特色社会主义思想概论[34] | （里）D104多媒体 褚凰羽 | 备注: 第7 - 8节
（里）D104多媒体
褚凰羽
2025-10-16 16:22:59,640 [INFO] 2025-12-10 08:00 ~ 09:35 | 习近平新时代中国特色社会主义思想概论[34] | （里）B202多媒体 褚凰羽 | 备注: 第1 - 2节
（里）B202多媒体
褚凰羽
2025-10-16 16:22:59,640 [INFO] 2025-12-10 15:35 ~ 17:10 | 劳动教育Ⅲ[21] | 西（五）B102多媒体 胡冰煜 | 备注: 第7 - 8节
西（五）B102多媒体
胡冰煜
2025-10-16 16:22:59,640 [INFO] 2025-12-12 15:35 ~ 17:10 | 体育Ⅴ(篮球)[67] | 里仁体育场 姜涛 | 备注: 第7 - 8节
里仁体育场
姜涛
2025-10-16 16:22:59,641 [INFO] 2025-12-15 08:00 ~ 09:35 | 习近平新时代中国特色社会主义思想概论[34] | （里）B202多媒体 褚凰羽 | 备注: 第1 - 2节
（里）B202多媒体
褚凰羽
2025-10-16 16:22:59,641 [INFO] 2025-12-16 15:35 ~ 17:10 | 习近平新时代中国特色社会主义思想概论[34] | （里）D104多媒体 褚凰羽 | 备注: 第7 - 8节
（里）D104多媒体
褚凰羽
2025-10-16 16:22:59,641 [INFO] 2025-12-17 08:00 ~ 09:35 | 习近平新时代中国特色社会主义思想概论[34] | （里）B202多媒体 褚凰羽 | 备注: 第1 - 2节
（里）B202多媒体
褚凰羽
2025-10-16 16:22:59,641 [INFO] 共解析出 194 条课程记录 ✅

2025-10-16 16:22:59,641 [INFO] 日志已写入文件：D:\Desktop\learn\python\astrbot_plugin_School_Schedule\schedule.log
2025-10-16 16:23:37,442 [INFO] 📅 今日课程（2025-10-16）：
2025-10-16 16:23:37,442 [INFO] 08:00 ~ 09:35 | 编译原理（三级项目）[01] | 西里西亚楼505多媒体 张世辉 | 备注: 第1 - 2节
西里西亚楼505多媒体
张世辉
2025-10-16 16:23:37,443 [INFO] 10:05 ~ 11:40 | 思想政治理论课实践(访谈者（毛概）)[10] | 西(三)208多媒体 关丽兰 | 备注: 第3 - 4节
西(三)208多媒体
关丽兰
2025-10-16 16:23:37,443 [INFO] 今日共有 2 门课程 ✅

2025-10-16 16:23:37,443 [INFO] 日志已写入文件：D:\Desktop\learn\python\astrbot_plugin_School_Schedule\schedule.log
2025-10-16 16:23:46,365 [INFO] 📅 今日课程（2025-10-16）：
2025-10-16 16:23:46,365 [INFO] 08:00 ~ 09:35 | 编译原理（三级项目）[01] | 西里西亚楼505多媒体 张世辉 | 备注: 第1 - 2节
西里西亚楼505多媒体
张世辉
2025-10-16 16:23:46,365 [INFO] 10:05 ~ 11:40 | 思想政治理论课实践(访谈者（毛概）)[10] | 西(三)208多媒体 关丽兰 | 备注: 第3 - 4节
西(三)208多媒体
关丽兰
2025-10-16 16:23:46,366 [INFO] 今日共有 2 门课程 ✅

2025-10-16 16:46:04,384 [INFO] 今日课程（2025-10-16）：
2025-10-16 16:46:04,384 [INFO] 08:00 ~ 09:35 | 编译原理（三级项目）[01] | 西里西亚楼505多媒体 张世辉 | 备注: 第1 - 2节
西里西亚楼505多媒体
张世辉
2025-10-16 16:46:04,384 [INFO] 10:05 ~ 11:40 | 思想政治理论课实践(访谈者（毛概）)[10] | 西(三)208多媒体 关丽兰 | 备注: 第3 - 4节
西(三)208多媒体
关丽兰
2025-10-16 16:46:04,384 [INFO] 日志已写入文件：D:\Desktop\learn\python\astrbot_plugin_School_Schedule\schedule.log
2025-10-16 16:46:25,173 [INFO] 今日课程（2025-10-16）：
2025-10-16 16:46:25,173 [INFO] 08:00 ~ 09:35 | 编译原理（三级项目）[01] | 西里西亚楼505多媒体 张世辉 | 备注: 第1 - 2节
西里西亚楼505多媒体
张世辉
2025-10-16 16:46:25,174 [INFO] 10:05 ~ 11:40 | 思想政治理论课实践(访谈者（毛概）)[10] | 西(三)208多媒体 关丽兰 | 备注: 第3 - 4节
西(三)208多媒体
关丽兰
